MSMS 2.6.1 started on arugula
Copyright M.F. Sanner (1994)
Compilation flags -O2 -DVERBOSE -DTIMING
INPUT  prp_0010.xyzr 2209 spheres 0 collision only, radii  2.300 to  3.100
PARAM  Probe_radius  1.500 density  1.000 hdensity  3.000
REDUCED SURFACE ...
    RS component 0 identified 407 409 404
    0 free edge(s) found in component 0
    RS component  #faces  #edges #free_edges  #vertices   genus
         0        2152     3228          0        983      47.5
    Time Reduced Surface real: 0.24 user: 0.24 sys: 0.00
ANALYTICAL SOLVENT EXCLUDED SURFACE...
    Component   0
ERROR: is_point_in_contact_face: not 2 intersection points
        Time Surface real: 0.02 user: 0.01 sys: 0.01
        Time Singularities real: 0.01 user: 0.01 sys: 0.00
    SES comp.  #fac.  #edg. #s_edg. #vert. #s_vert. R_h C_h genus
         0     6487  12987     42    6502       42   0   0    0
ANALYTICAL SURFACE AREA :
    Comp. probe_radius,   reent,    toric,   contact    SES       SAS
      0       1.500    1164.896  3642.534  4532.229  9339.658 11423.800
TRIANGULATION...
    Component 0
ERROR: is_point_in_contact_face: not 2 intersection points
ERROR: is_point_in_contact_face: not 2 intersection points
ERROR: is_point_in_contact_face: not 2 intersection points
    component#, vertices,  edges,  faces, genus, density
        0          11469   34401   22934    0     1.228
        Time Triangulation real: 0.17 user: 0.18 sys: 0.00
NUMERICAL VOLUMES AND AREA
    Comp. probe_radius SES_volume SES_area)
       0      1.50    29463.045   9123.404
    Total ses_volume: 29463.045
MSMS terminated normally
Total Time real: 0.58 user: 0.56 sys: 0.01
